# JRE version: Java(TM) SE Runtime Environment (8.0_152-b16) (build 1.8.0_152-b16)
# Java VM: Java HotSpot(TM) 64-Bit Server VM (25.152-b16 mixed mode windows-amd64 compressed oops)
Heap:
 garbage-first heap   total 186368K, used 139776K [0x00000000c0000000, 0x00000000c01005b0, 0x0000000100000000)
  region size 1024K, 61 young (62464K), 10 survivors (10240K)
 Metaspace       used 49991K, capacity 52692K, committed 52944K, reserved 1095680K
  class space    used 5238K, capacity 6135K, committed 6144K, reserved 1048576K
GC Heap History (10 events):
Event: 33.469 GC heap after
Heap after GC invocations=11 (full 0):
 garbage-first heap   total 167936K, used 49664K [0x00000000c0000000, 0x00000000c0100520, 0x0000000100000000)
  region size 1024K, 13 young (13312K), 13 survivors (13312K)
 Metaspace       used 45747K, capacity 48112K, committed 48464K, reserved 1091584K
  class space    used 4866K, capacity 5666K, committed 5760K, reserved 1048576K
}
Event: 33.745 GC heap before
{Heap before GC invocations=11 (full 0):
 garbage-first heap   total 167936K, used 136704K [0x00000000c0000000, 0x00000000c0100520, 0x0000000100000000)
  region size 1024K, 98 young (100352K), 13 survivors (13312K)
 Metaspace       used 46287K, capacity 48726K, committed 48976K, reserved 1093632K
  class space    used 4913K, capacity 5699K, committed 5760K, reserved 1048576K
Event: 33.764 GC heap after
Heap after GC invocations=12 (full 0):
 garbage-first heap   total 167936K, used 55296K [0x00000000c0000000, 0x00000000c0100520, 0x0000000100000000)
  region size 1024K, 13 young (13312K), 13 survivors (13312K)
 Metaspace       used 46287K, capacity 48726K, committed 48976K, reserved 1093632K
  class space    used 4913K, capacity 5699K, committed 5760K, reserved 1048576K
}
Event: 34.357 GC heap before
{Heap before GC invocations=12 (full 0):
 garbage-first heap   total 167936K, used 136192K [0x00000000c0000000, 0x00000000c0100520, 0x0000000100000000)
  region size 1024K, 92 young (94208K), 13 survivors (13312K)
 Metaspace       used 48646K, capacity 51262K, committed 51536K, reserved 1095680K
  class space    used 5142K, capacity 5984K, committed 6016K, reserved 1048576K
Event: 34.380 GC heap after
Heap after GC invocations=13 (full 0):
 garbage-first heap   total 167936K, used 65536K [0x00000000c0000000, 0x00000000c0100520, 0x0000000100000000)
  region size 1024K, 12 young (12288K), 12 survivors (12288K)
 Metaspace       used 48646K, capacity 51262K, committed 51536K, reserved 1095680K
  class space    used 5142K, capacity 5984K, committed 6016K, reserved 1048576K
}
Event: 34.784 GC heap before
{Heap before GC invocations=13 (full 0):
 garbage-first heap   total 167936K, used 137216K [0x00000000c0000000, 0x00000000c0100520, 0x0000000100000000)
  region size 1024K, 82 young (83968K), 12 survivors (12288K)
 Metaspace       used 48935K, capacity 51656K, committed 51920K, reserved 1095680K
  class space    used 5161K, capacity 6029K, committed 6144K, reserved 1048576K
Event: 34.802 GC heap after
Heap after GC invocations=14 (full 0):
 garbage-first heap   total 167936K, used 70656K [0x00000000c0000000, 0x00000000c0100520, 0x0000000100000000)
  region size 1024K, 8 young (8192K), 8 survivors (8192K)
 Metaspace       used 48935K, capacity 51656K, committed 51920K, reserved 1095680K
  class space    used 5161K, capacity 6029K, committed 6144K, reserved 1048576K
}
Event: 1421.868 GC heap before
{Heap before GC invocations=14 (full 0):
 garbage-first heap   total 167936K, used 140288K [0x00000000c0000000, 0x00000000c0100520, 0x0000000100000000)
  region size 1024K, 76 young (77824K), 8 survivors (8192K)
 Metaspace       used 49979K, capacity 52628K, committed 52688K, reserved 1095680K
  class space    used 5238K, capacity 6135K, committed 6144K, reserved 1048576K
Event: 1421.888 GC heap after
Heap after GC invocations=15 (full 0):
 garbage-first heap   total 167936K, used 87552K [0x00000000c0000000, 0x00000000c0100520, 0x0000000100000000)
  region size 1024K, 10 young (10240K), 10 survivors (10240K)
 Metaspace       used 49979K, capacity 52628K, committed 52688K, reserved 1095680K
  class space    used 5238K, capacity 6135K, committed 6144K, reserved 1048576K
}
Event: 7219.650 GC heap before
{Heap before GC invocations=15 (full 0):
 garbage-first heap   total 167936K, used 139776K [0x00000000c0000000, 0x00000000c0100520, 0x0000000100000000)
  region size 1024K, 61 young (62464K), 10 survivors (10240K)
 Metaspace       used 49991K, capacity 52692K, committed 52944K, reserved 1095680K
  class space    used 5238K, capacity 6135K, committed 6144K, reserved 1048576K

